# JRE version: 7.0_07-b11
# Java VM: Java HotSpot(TM) Client VM (23.3-b01 mixed mode, sharing windows-x86 )
Heap
 def new generation   total 7936K, used 4426K [0x23e30000, 0x246c0000, 0x29380000)
  eden space 7104K,  58% used [0x23e30000, 0x24237098, 0x24520000)
  from space 832K,  36% used [0x245f0000, 0x2463b818, 0x246c0000)
  to   space 832K,   0% used [0x24520000, 0x24520000, 0x245f0000)
 tenured generation   total 17488K, used 13864K [0x29380000, 0x2a494000, 0x33e30000)
   the space 17488K,  79% used [0x29380000, 0x2a10a130, 0x2a10a200, 0x2a494000)
 compacting perm gen  total 12288K, used 7542K [0x33e30000, 0x34a30000, 0x37e30000)
   the space 12288K,  61% used [0x33e30000, 0x3458d948, 0x3458da00, 0x34a30000)
    ro space 10240K,  45% used [0x37e30000, 0x382b4650, 0x382b4800, 0x38830000)
    rw space 12288K,  54% used [0x38830000, 0x38eb7e58, 0x38eb8000, 0x39430000)
GC Heap History (10 events):
Event: 7.663 GC heap before
{Heap before GC invocations=159 (full 1):
 def new generation   total 7936K, used 7534K [0x23e30000, 0x246c0000, 0x29380000)
  eden space 7104K, 100% used [0x23e30000, 0x24520000, 0x24520000)
  from space 832K,  51% used [0x24520000, 0x2458bab8, 0x245f0000)
  to   space 832K,   0% used [0x245f0000, 0x245f0000, 0x246c0000)
 tenured generation   total 17488K, used 12210K [0x29380000, 0x2a494000, 0x33e30000)
   the space 17488K,  69% used [0x29380000, 0x29f6ca40, 0x29f6cc00, 0x2a494000)
 compacting perm gen  total 12288K, used 5884K [0x33e30000, 0x34a30000, 0x37e30000)
   the space 12288K,  47% used [0x33e30000, 0x343ef250, 0x343ef400, 0x34a30000)
    ro space 10240K,  45% used [0x37e30000, 0x382b4650, 0x382b4800, 0x38830000)
    rw space 12288K,  54% used [0x38830000, 0x38eb7e58, 0x38eb8000, 0x39430000)
Event: 7.666 GC heap after
Heap after GC invocations=160 (full 1):
 def new generation   total 7936K, used 453K [0x23e30000, 0x246c0000, 0x29380000)
  eden space 7104K,   0% used [0x23e30000, 0x23e30000, 0x24520000)
  from space 832K,  54% used [0x245f0000, 0x24661670, 0x246c0000)
  to   space 832K,   0% used [0x24520000, 0x24520000, 0x245f0000)
 tenured generation   total 17488K, used 12252K [0x29380000, 0x2a494000, 0x33e30000)
   the space 17488K,  70% used [0x29380000, 0x29f77010, 0x29f77200, 0x2a494000)
 compacting perm gen  total 12288K, used 5884K [0x33e30000, 0x34a30000, 0x37e30000)
   the space 12288K,  47% used [0x33e30000, 0x343ef250, 0x343ef400, 0x34a30000)
    ro space 10240K,  45% used [0x37e30000, 0x382b4650, 0x382b4800, 0x38830000)
    rw space 12288K,  54% used [0x38830000, 0x38eb7e58, 0x38eb8000, 0x39430000)
}
Event: 8.075 GC heap before
{Heap before GC invocations=160 (full 1):
 def new generation   total 7936K, used 7557K [0x23e30000, 0x246c0000, 0x29380000)
  eden space 7104K, 100% used [0x23e30000, 0x24520000, 0x24520000)
  from space 832K,  54% used [0x245f0000, 0x24661670, 0x246c0000)
  to   space 832K,   0% used [0x24520000, 0x24520000, 0x245f0000)
 tenured generation   total 17488K, used 12252K [0x29380000, 0x2a494000, 0x33e30000)
   the space 17488K,  70% used [0x29380000, 0x29f77010, 0x29f77200, 0x2a494000)
 compacting perm gen  total 12288K, used 5991K [0x33e30000, 0x34a30000, 0x37e30000)
   the space 12288K,  48% used [0x33e30000, 0x34409df0, 0x34409e00, 0x34a30000)
    ro space 10240K,  45% used [0x37e30000, 0x382b4650, 0x382b4800, 0x38830000)
    rw space 12288K,  54% used [0x38830000, 0x38eb7e58, 0x38eb8000, 0x39430000)
Event: 8.081 GC heap after
Heap after GC invocations=161 (full 1):
 def new generation   total 7936K, used 781K [0x23e30000, 0x246c0000, 0x29380000)
  eden space 7104K,   0% used [0x23e30000, 0x23e30000, 0x24520000)
  from space 832K,  93% used [0x24520000, 0x245e3400, 0x245f0000)
  to   space 832K,   0% used [0x245f0000, 0x245f0000, 0x246c0000)
 tenured generation   total 17488K, used 12299K [0x29380000, 0x2a494000, 0x33e30000)
   the space 17488K,  70% used [0x29380000, 0x29f82fd0, 0x29f83000, 0x2a494000)
 compacting perm gen  total 12288K, used 5991K [0x33e30000, 0x34a30000, 0x37e30000)
   the space 12288K,  48% used [0x33e30000, 0x34409df0, 0x34409e00, 0x34a30000)
    ro space 10240K,  45% used [0x37e30000, 0x382b4650, 0x382b4800, 0x38830000)
    rw space 12288K,  54% used [0x38830000, 0x38eb7e58, 0x38eb8000, 0x39430000)
}
Event: 8.694 GC heap before
{Heap before GC invocations=161 (full 1):
 def new generation   total 7936K, used 7885K [0x23e30000, 0x246c0000, 0x29380000)
  eden space 7104K, 100% used [0x23e30000, 0x24520000, 0x24520000)
  from space 832K,  93% used [0x24520000, 0x245e3400, 0x245f0000)
  to   space 832K,   0% used [0x245f0000, 0x245f0000, 0x246c0000)
 tenured generation   total 17488K, used 12299K [0x29380000, 0x2a494000, 0x33e30000)
   the space 17488K,  70% used [0x29380000, 0x29f82fd0, 0x29f83000, 0x2a494000)
 compacting perm gen  total 12288K, used 6577K [0x33e30000, 0x34a30000, 0x37e30000)
   the space 12288K,  53% used [0x33e30000, 0x3449c7c0, 0x3449c800, 0x34a30000)
    ro space 10240K,  45% used [0x37e30000, 0x382b4650, 0x382b4800, 0x38830000)
    rw space 12288K,  54% used [0x38830000, 0x38eb7e58, 0x38eb8000, 0x39430000)
Event: 8.704 GC heap after
Heap after GC invocations=162 (full 1):
 def new generation   total 7936K, used 831K [0x23e30000, 0x246c0000, 0x29380000)
  eden space 7104K,   0% used [0x23e30000, 0x23e30000, 0x24520000)
  from space 832K,  99% used [0x245f0000, 0x246bfff8, 0x246c0000)
  to   space 832K,   0% used [0x24520000, 0x24520000, 0x245f0000)
 tenured generation   total 17488K, used 13061K [0x29380000, 0x2a494000, 0x33e30000)
   the space 17488K,  74% used [0x29380000, 0x2a041430, 0x2a041600, 0x2a494000)
 compacting perm gen  total 12288K, used 6577K [0x33e30000, 0x34a30000, 0x37e30000)
   the space 12288K,  53% used [0x33e30000, 0x3449c7c0, 0x3449c800, 0x34a30000)
    ro space 10240K,  45% used [0x37e30000, 0x382b4650, 0x382b4800, 0x38830000)
    rw space 12288K,  54% used [0x38830000, 0x38eb7e58, 0x38eb8000, 0x39430000)
}
Event: 9.219 GC heap before
{Heap before GC invocations=162 (full 1):
 def new generation   total 7936K, used 7935K [0x23e30000, 0x246c0000, 0x29380000)
  eden space 7104K, 100% used [0x23e30000, 0x24520000, 0x24520000)
  from space 832K,  99% used [0x245f0000, 0x246bfff8, 0x246c0000)
  to   space 832K,   0% used [0x24520000, 0x24520000, 0x245f0000)
 tenured generation   total 17488K, used 13061K [0x29380000, 0x2a494000, 0x33e30000)
   the space 17488K,  74% used [0x29380000, 0x2a041430, 0x2a041600, 0x2a494000)
 compacting perm gen  total 12288K, used 7000K [0x33e30000, 0x34a30000, 0x37e30000)
   the space 12288K,  56% used [0x33e30000, 0x34506218, 0x34506400, 0x34a30000)
    ro space 10240K,  45% used [0x37e30000, 0x382b4650, 0x382b4800, 0x38830000)
    rw space 12288K,  54% used [0x38830000, 0x38eb7e58, 0x38eb8000, 0x39430000)
Event: 9.228 GC heap after
Heap after GC invocations=163 (full 1):
 def new generation   total 7936K, used 734K [0x23e30000, 0x246c0000, 0x29380000)
  eden space 7104K,   0% used [0x23e30000, 0x23e30000, 0x24520000)
  from space 832K,  88% used [0x24520000, 0x245d7958, 0x245f0000)
  to   space 832K,   0% used [0x245f0000, 0x245f0000, 0x246c0000)
 tenured generation   total 17488K, used 13674K [0x29380000, 0x2a494000, 0x33e30000)
   the space 17488K,  78% used [0x29380000, 0x2a0da8e0, 0x2a0daa00, 0x2a494000)
 compacting perm gen  total 12288K, used 7000K [0x33e30000, 0x34a30000, 0x37e30000)
   the space 12288K,  56% used [0x33e30000, 0x34506218, 0x34506400, 0x34a30000)
    ro space 10240K,  45% used [0x37e30000, 0x382b4650, 0x382b4800, 0x38830000)
    rw space 12288K,  54% used [0x38830000, 0x38eb7e58, 0x38eb8000, 0x39430000)
}
Event: 20.344 GC heap before
{Heap before GC invocations=163 (full 1):
 def new generation   total 7936K, used 7838K [0x23e30000, 0x246c0000, 0x29380000)
  eden space 7104K, 100% used [0x23e30000, 0x24520000, 0x24520000)
  from space 832K,  88% used [0x24520000, 0x245d7958, 0x245f0000)
  to   space 832K,   0% used [0x245f0000, 0x245f0000, 0x246c0000)
 tenured generation   total 17488K, used 13674K [0x29380000, 0x2a494000, 0x33e30000)
   the space 17488K,  78% used [0x29380000, 0x2a0da8e0, 0x2a0daa00, 0x2a494000)
 compacting perm gen  total 12288K, used 7175K [0x33e30000, 0x34a30000, 0x37e30000)
   the space 12288K,  58% used [0x33e30000, 0x34531df8, 0x34531e00, 0x34a30000)
    ro space 10240K,  45% used [0x37e30000, 0x382b4650, 0x382b4800, 0x38830000)
    rw space 12288K,  54% used [0x38830000, 0x38eb7e58, 0x38eb8000, 0x39430000)
Event: 20.351 GC heap after
Heap after GC invocations=164 (full 1):
 def new generation   total 7936K, used 302K [0x23e30000, 0x246c0000, 0x29380000)
  eden space 7104K,   0% used [0x23e30000, 0x23e30000, 0x24520000)
  from space 832K,  36% used [0x245f0000, 0x2463b818, 0x246c0000)
  to   space 832K,   0% used [0x24520000, 0x24520000, 0x245f0000)
 tenured generation   total 17488K, used 13864K [0x29380000, 0x2a494000, 0x33e30000)
   the space 17488K,  79% used [0x29380000, 0x2a10a130, 0x2a10a200, 0x2a494000)
 compacting perm gen  total 12288K, used 7175K [0x33e30000, 0x34a30000, 0x37e30000)
   the space 12288K,  58% used [0x33e30000, 0x34531df8, 0x34531e00, 0x34a30000)
    ro space 10240K,  45% used [0x37e30000, 0x382b4650, 0x382b4800, 0x38830000)
    rw space 12288K,  54% used [0x38830000, 0x38eb7e58, 0x38eb8000, 0x39430000)
}

